2026-02-07 17:42:15 INFO  CursoService:17 - CursoService initialized
2026-02-07 17:42:15 INFO  CursoService:22 - Adding curso: Java Básico
2026-02-07 17:42:15 INFO  CursoService:27 - Retrieving list of cursos
2026-02-07 17:43:03 INFO  CursoService:17 - CursoService initialized
2026-02-07 17:43:03 INFO  CursoService:22 - Adding curso: Java Básico
2026-02-07 17:43:03 INFO  CursoService:27 - Retrieving list of cursos
2026-02-07 17:44:27 INFO  CursoService:17 - CursoService initialized
2026-02-07 17:44:27 INFO  CursoService:22 - Adding curso: Java Básico
2026-02-07 17:44:27 INFO  CursoService:22 - Adding curso: Java Intermedio
2026-02-07 17:44:27 INFO  CursoService:27 - Retrieving list of cursos
2026-02-07 17:44:27 INFO  CursoService:27 - Retrieving list of cursos
2026-02-07 17:44:27 INFO  CursoService:27 - Retrieving list of cursos
2026-02-07 17:45:30 INFO  CursoService:17 - CursoService initialized
2026-02-07 17:45:30 INFO  CursoService:27 - Retrieving list of cursos
2026-02-07 17:45:47 INFO  CursoService:17 - CursoService initialized
2026-02-07 17:45:47 INFO  CursoService:22 - Adding curso: Java Básico
2026-02-07 17:45:47 INFO  CursoService:34 - Curso found: Java Básico
2026-02-07 17:45:47 INFO  CursoService:17 - CursoService initialized
2026-02-07 17:45:47 INFO  CursoService:22 - Adding curso: Java Básico
2026-02-07 17:45:47 INFO  CursoService:34 - Curso found: Java Básico
2026-02-07 17:46:06 INFO  CursoService:17 - CursoService initialized
2026-02-07 17:46:06 WARN  CursoService:38 - Curso not found for codigo: NO_Existe
